therion 5.4.4 (2019-05-01)
initialization file: /etc/therion.ini
reading ... done
checking optional fonts csr10 csti10 csbx10 csss10 csssi10 ... NOT INSTALLED
checking optional fonts cmcyr10 cmcti10 cmcbx10 cmcss10 cmcssi10 ... NOT INSTALLED
configuration file: config1.th3
reading ... done
reading source files ... done
preprocessing database ... done
output coordinate system: UTM31
meridian convergence (deg): -2.0556
geomag declinations (deg):
scanning centreline tree ... done
searching for centerline loops ... done
calculating station coordinates ... done
average loop error: 0.64%
processing survey data ... 
####################### cavern log file ########################
 1> Survex 1.2.42
 2> Copyright © 1990-2018 Olly Betts
 3> 
 4> La topographie contient 1266 stations, connectées par 1267 visées.
 5> Il y a 2 bouclages.
 6> Longueur totale de la topographie = 3645.47m (3645.37m ajusté)
 7> Longueur totale en projection horizontale = 2462.49m
 8> Longueur totale verticale = 1904.85m
 9> Intervalle vertical = 136.82m (de 1 à 1528.00m jusqu’à 909 à 1391.18m)
10> Intervalle Nord-Sud = 81.75m (de 5 à 5029629.16m jusqu’à 732 à 5029547.41m)
11> Intervalle Est-Ouest = 186.46m (de 109 à 726013.84m jusqu’à 508 à 725827.38m)
12> 1035 1-nœuds.
13>   17 2-nœuds.
14>    5 3-nœuds.
15>    8 4-nœuds.
16>   58 5-nœuds.
17>   59 6-nœuds.
18>   27 7-nœuds.
19>   13 8-nœuds.
20>   16 9-nœuds.
21>    7 10-nœuds.
22>    7 11-nœuds.
23>    6 12-nœuds.
24>    3 13-nœuds.
25>    2 14-nœuds.
26>    2 16-nœuds.
27>    1 19-nœud.
28> 
######################### transcription ########################
 4> 1266 : equate@cavernicole_global
 5> 2 : 1@cavernicole_entree.cavernicole_global
 9> 1 : 0@cavernicole_entree.cavernicole_global -- 909 : .@100-130.cavernicole_global
10> 5 : .@cavernicole_entree.cavernicole_global -- 732 : .@cavernicole_amont.cavernicole_global
11> 109 : 34@cavernicole_entree.cavernicole_global -- 508 : .@cavernicole_amont.cavernicole_global
12> 1035 : .@100-130.cavernicole_global
13> 17 : .@cavernicole_entree.cavernicole_global
14> 5 : .@cavernicole_entree.cavernicole_global
15> 8 : .@cavernicole_entree.cavernicole_global
16> 58 : .@cavernicole_entree.cavernicole_global
17> 59 : .@cavernicole_entree.cavernicole_global
18> 27 : 7@cavernicole_entree.cavernicole_global
19> 13 : .@cavernicole_entree.cavernicole_global
20> 16 : .@cavernicole_entree.cavernicole_global
21> 7 : .@cavernicole_entree.cavernicole_global
22> 7 : .@cavernicole_entree.cavernicole_global
23> 6 : 2@cavernicole_entree.cavernicole_global
24> 3 : .@cavernicole_entree.cavernicole_global
25> 2 : 1@cavernicole_entree.cavernicole_global
26> 2 : 1@cavernicole_entree.cavernicole_global
27> 1 : 0@cavernicole_entree.cavernicole_global
#################### end of cavern log file ####################
done
calculating basic statistics ... done
processing extended elevation ... done
processing references ... done
selecting export objects ... done
processing projection plan ... done
average distortion: 0.44%
writing exports/cav_plan.pdf ...
####################### metapost log file ########################
This is MetaPost, version 2.00 (TeX Live 2019/Debian) (kpathsea version 6.3.1)  15 NOV 2023 23:13
**data.mp
(/usr/share/texlive/texmf-dist/metapost/base/mpost.mp
(/usr/share/texlive/texmf-dist/metapost/base/plain.mp
Preloading the plain mem file, version 1.005) ) (./data.mp
{randomseed:=42}
 [4001] [4002] [4003] [4004] [4005] [4006] [4007] [4008] [4009] [4010] [4011] [
4012] [4013]
[4014] [1] [2] [3] [4] [5] [6] [7] [8] [9] [10] [11] [12] [13] [14] [15] [16]
[17] [18] [19]
[Warning: scrap outline intersects itself in scrap sp_cav_pullover_2@cavernicol
e_global]
[Warning: scrap outline intersects itself in scrap sp_cav_pullover_2@cavernicol
e_global] [20] [21] [22] [23] [24]
[Warning: scrap outline intersects itself in scrap sp_cav_pullover_2@cavernicol
e_global]
[Warning: scrap outline intersects itself in scrap sp_cav_pullover_2@cavernicol
e_global] [25] [26] [27] [28] [29] [30] [31] [32] [33] [34] [35] [36] [37]
[Warning: text scaled down to fit the path in scrap sp_cav_entree_3@cavernicole
_global] [38] [39]
[Warning: scrap outline intersects itself in scrap sp_cav_entree_2@cavernicole_
global] [40] [41] [42] [43] [44] [45] [46] [47] [48] [49] [50] [51] [52] [53]
(./mptextmp.mp) [54] (./mptextmp.mp) (./mptextmp.mp) (./mptextmp.mp)
(./mptextmp.mp) (./mptextmp.mp) (./mptextmp.mp) [55] [56] [57] [58] [59] [60]
[61] [62] [63] [64] [65] [66] [67] [68] [69] [70] [71] [72] [73] [74] [75]
[76] [77] [78] [79] [80] [81] )
 
Here is how much of MetaPost's memory you used:
 24571 strings using 638582 characters
 3549232 bytes of node memory
 1517 symbolic tokens
 10i,82n,18p,647b,5f stack positions out of 16i,98n,20p,760b,6f
95 output files written: data.1 .. data.4014


#################### end of metapost log file ####################
converting scraps ... done
making map ... done
######################## pdftex log file #########################
This is pdfTeX, Version 3.14159265-2.6-1.40.20 (TeX Live 2019/Debian) (preloaded format=pdfetex 2023.10.4)  15 NOV 2023 23:13
entering extended mode
 restricted \write18 enabled.
 %&-line parsing enabled.
**data.tex
(./data.tex (./th_enc.tex) (./th_texts.tex) (./th_resources.tex
(/usr/share/texlive/texmf-dist/tex/generic/pdftex/glyphtounicode.tex))
(./th_fontdef.tex{/var/lib/texmf/fonts/map/pdftex/updmap/pdftex.map})
(./th_formdef.tex) (./th_pagedef.tex (./th_legend.tex)) (./th_pages.tex)
 172 numeric registers used out of 32768

[1] ) 
Here is how much of TeX's memory you used:
 383 strings out of 497099
 3908 string characters out of 6206935
 95468 words of memory out of 5000000
 1612 multiletter control sequences out of 15000+600000
 16065 words of font info for 54 fonts, out of 8000000 for 9000
 14 hyphenation exceptions out of 8191
 10i,5n,8p,557b,72s stack positions out of 5000i,500n,10000p,200000b,80000s
</usr/share/texlive/texmf-dist/fonts/type1/public/amsfonts/cm/cmss10.pfb><
/usr/share/texlive/texmf-dist/fonts/type1/public/amsfonts/cm/cmssi10.pfb>
Output written on data.pdf (1 page, 245360 bytes).
PDF statistics:
 293 PDF objects out of 1000 (max. 8388607)
 150 compressed objects within 2 object streams
 0 named destinations out of 1000 (max. 500000)
 829 words of extra memory for PDF output out of 10000 (max. 10000000)


##################### end of pdftex log file #####################
done
writing xtherion file ... done
compilation time: 4 sec


######################### loop errors ##########################
REL-ERR ABS-ERR TOTAL-L STS X-ERROR Y-ERROR Z-ERROR STATIONS
  1.01%    1.3m  124.1m  34   -0.9m   -0.9m   -0.0m [35@100-130.cavernicole_global - 34 - 33 - 32 - 31 - 30 - 29 - 28 - 27 - 26 - 25 - 24 - 23 - 22 - 21 - 20 - 19 - 18 - 16 - 15 - 14 - 13 - 12 - 11 - 10 - 9 - 8 - 7 - 6 - 5 - 4 - 3 - 2 - 1 - 0 = 35]
  0.48%    1.2m  244.0m  76    0.6m   -0.9m   -0.3m [53@aval-pull-over.cavernicole_global - 52 - 51 - 50 - 49 - 48 - 47 - 46 - 45 - 44 - 43 - 42 - 41 - 400 - 40 - 39 - 38 - 37 - 36 - 355 - 35 - 34 - 33 - 32 - 31 - 30 - 29 - 28 - 27 - 26 - 25 - 24 - 23 - 22 - 21 - 20 - 19 - 18 - 17 - 12 - 11 - 10 - 9 - 8 - 7 - 3 - 2 - 1 - 0 = 19@cavernicole_amont.cavernicole_global - 18 - 17 - 16 - 15 - 14 - 13 - 12 - 11 - 10 - 9 - 8 - 7 - 6 - 5 - 4 - 3 - 2 - 1 - 0 = 0@100-130.cavernicole_global - 1 - 2 - 3 - 4 - 5 - 6 - 7 - 8 - 9 = 53@aval-pull-over.cavernicole_global]
  0.45%    0.1m   13.5m   2   -0.0m    0.0m    0.1m [18@100-130.cavernicole_global - 16 - 18]
##################### end of loop errors #######################


###################### scrap distortions #######################
 PROJECTION: plan
 AVERAGE  MAXIMAL  SCRAP
   2.61%   80.11%  sp_cav_100-130_1@cavernicole_global
   1.98%   71.35%  sp_cav_entree_4@cavernicole_global
   0.73%   38.96%  sp_cav_pullover_2@cavernicole_global
   8.40%   33.76%  sp_cav_pullover_0@cavernicole_global
   0.95%   27.12%  sp_cav_entree_3@cavernicole_global
   0.07%    2.14%  sp_cav_entree_2@cavernicole_global
   0.09%    1.59%  sp_cav_pullover_1@cavernicole_global
   0.07%    1.56%  sp_cav_entree_1@cavernicole_global
   0.04%    0.89%  sp_cav_pullover_5@cavernicole_global
   0.18%    0.80%  sp_cav_pullover_3@cavernicole_global
   0.08%    0.37%  sp_cav_pullover_7@cavernicole_global
   0.03%    0.22%  sp_cav_pullover_8@cavernicole_global
   0.00%    0.02%  sp_cav_100-130_2@cavernicole_global
################### end of scrap distortions ###################
